<?xml version="1.0" encoding="UTF-8"?>
<!-- Generated by org.testng.reporters.JUnitXMLReporter -->
<testsuite ignored="2" hostname="Siddhesh" failures="0" tests="1" name="Default test" time="5.196" errors="0" timestamp="2023-01-22T21:45:09 IST">
  <testcase classname="restAssuredTest.DataDrivenExamples" name="json_delete_using_dataprovider" time="5.009"/>
  <testcase classname="restAssuredTest.DataDrivenExamples" name="json_post_using_dataprovider" time="0.0">
    <ignored/>
  </testcase> <!-- json_post_using_dataprovider -->
  <testcase classname="restAssuredTest.DataDrivenExamples" name="json_post" time="0.0">
    <ignored/>
  </testcase> <!-- json_post -->
</testsuite> <!-- Default test -->
