<?xml version="1.0" encoding="UTF-8"?>
<!-- Generated by org.testng.reporters.JUnitXMLReporter -->
<testsuite ignored="1" hostname="Siddhesh" failures="0" tests="2" name="Default test" time="3.67" errors="0" timestamp="2023-01-22T20:37:58 IST">
  <testcase classname="restAssuredTest.DataDrivenExamples" name="json_post" time="3.481"/>
  <testcase classname="restAssuredTest.DataDrivenExamples" name="json_post" time="0.065"/>
  <testcase classname="restAssuredTest.DataDrivenExamples" name="json_post_using_dataprovider" time="0.0">
    <ignored/>
  </testcase> <!-- json_post_using_dataprovider -->
</testsuite> <!-- Default test -->
