<?xml version="1.0" encoding="UTF-8"?>
<!-- Generated by org.testng.reporters.JUnitXMLReporter -->
<testsuite ignored="0" hostname="Siddhesh" failures="0" tests="5" name="Test" time="3.422" errors="0" timestamp="2023-01-22T21:38:16 IST">
  <testcase classname="restAssuredTest.DataDrivenUsingInheritance" name="delete_using_testng_parameters" time="2.934"/>
  <testcase classname="restAssuredTest.DataDrivenUsingInheritance" name="json_post_using_dataprovider" time="0.145"/>
  <testcase classname="restAssuredTest.DataDrivenUsingInheritance" name="json_post_using_dataprovider" time="0.068"/>
  <testcase classname="restAssuredTest.DataDrivenUsingInheritance" name="json_post" time="0.076"/>
  <testcase classname="restAssuredTest.DataDrivenUsingInheritance" name="json_post" time="0.071"/>
</testsuite> <!-- Test -->
