<?xml version="1.0" encoding="UTF-8"?>
<testng-results ignored="2" total="3" passed="1" failed="0" skipped="0">
  <reporter-output>
  </reporter-output>
  <suite started-at="2023-01-22T21:45:03 IST" name="Default suite" finished-at="2023-01-22T21:45:09 IST" duration-ms="5196">
    <groups>
    </groups>
    <test started-at="2023-01-22T21:45:03 IST" name="Default test" finished-at="2023-01-22T21:45:09 IST" duration-ms="5196">
      <class name="restAssuredTest.DataDrivenExamples">
        <test-method signature="json_delete_using_dataprovider(int)[pri:3, instance:restAssuredTest.DataDrivenExamples@c88a337]" started-at="2023-01-22T21:45:04 IST" name="json_delete_using_dataprovider" data-provider="datafordelete" finished-at="2023-01-22T21:45:09 IST" duration-ms="5009" status="PASS">
          <params>
            <param index="0">
              <value>
                <![CDATA[9]]>
              </value>
            </param>
          </params>
          <reporter-output>
          </reporter-output>
        </test-method> <!-- json_delete_using_dataprovider -->
      </class> <!-- restAssuredTest.DataDrivenExamples -->
    </test> <!-- Default test -->
  </suite> <!-- Default suite -->
</testng-results>
